<?xml version="1.0" encoding="UTF-8"?>
<testng-results total="3" passed="3" failed="0" skipped="0">
  <reporter-output>
  </reporter-output>
  <suite started-at="2021-11-06T04:55:10Z" name="Suite" finished-at="2021-11-06T04:55:57Z" duration-ms="47035">
    <groups>
    </groups>
    <test started-at="2021-11-06T04:55:10Z" name="Test" finished-at="2021-11-06T04:55:57Z" duration-ms="47035">
      <class name="com.mindtree.runner.HealthCareApplication">
        <test-method is-config="true" signature="getBrowser()[pri:0, instance:com.mindtree.runner.HealthCareApplication@68d279ec]" started-at="2021-11-06T10:25:10Z" name="getBrowser" finished-at="2021-11-06T10:25:16Z" duration-ms="6404" status="PASS">
          <reporter-output>
          </reporter-output>
        </test-method> <!-- getBrowser -->
        <test-method signature="bookingAppointment()[pri:0, instance:com.mindtree.runner.HealthCareApplication@68d279ec]" started-at="2021-11-06T10:25:16Z" name="bookingAppointment" finished-at="2021-11-06T10:25:41Z" duration-ms="24531" status="PASS">
          <reporter-output>
          </reporter-output>
        </test-method> <!-- bookingAppointment -->
        <test-method is-config="true" signature="closeDriver()[pri:0, instance:com.mindtree.runner.HealthCareApplication@68d279ec]" started-at="2021-11-06T10:25:41Z" name="closeDriver" finished-at="2021-11-06T10:25:41Z" duration-ms="78" status="PASS">
          <reporter-output>
          </reporter-output>
        </test-method> <!-- closeDriver -->
        <test-method is-config="true" signature="getBrowser()[pri:0, instance:com.mindtree.runner.HealthCareApplication@68d279ec]" started-at="2021-11-06T10:25:41Z" name="getBrowser" finished-at="2021-11-06T10:25:44Z" duration-ms="3681" status="PASS">
          <reporter-output>
          </reporter-output>
        </test-method> <!-- getBrowser -->
        <test-method signature="contactUs()[pri:0, instance:com.mindtree.runner.HealthCareApplication@68d279ec]" started-at="2021-11-06T10:25:44Z" name="contactUs" finished-at="2021-11-06T10:25:50Z" duration-ms="5150" status="PASS">
          <reporter-output>
          </reporter-output>
        </test-method> <!-- contactUs -->
        <test-method is-config="true" signature="closeDriver()[pri:0, instance:com.mindtree.runner.HealthCareApplication@68d279ec]" started-at="2021-11-06T10:25:50Z" name="closeDriver" finished-at="2021-11-06T10:25:50Z" duration-ms="50" status="PASS">
          <reporter-output>
          </reporter-output>
        </test-method> <!-- closeDriver -->
        <test-method is-config="true" signature="getBrowser()[pri:0, instance:com.mindtree.runner.HealthCareApplication@68d279ec]" started-at="2021-11-06T10:25:50Z" name="getBrowser" finished-at="2021-11-06T10:25:55Z" duration-ms="5113" status="PASS">
          <reporter-output>
          </reporter-output>
        </test-method> <!-- getBrowser -->
        <test-method signature="validateTitle()[pri:0, instance:com.mindtree.runner.HealthCareApplication@68d279ec]" started-at="2021-11-06T10:25:55Z" name="validateTitle" finished-at="2021-11-06T10:25:57Z" duration-ms="1948" status="PASS">
          <reporter-output>
          </reporter-output>
        </test-method> <!-- validateTitle -->
        <test-method is-config="true" signature="closeDriver()[pri:0, instance:com.mindtree.runner.HealthCareApplication@68d279ec]" started-at="2021-11-06T10:25:57Z" name="closeDriver" finished-at="2021-11-06T10:25:57Z" duration-ms="60" status="PASS">
          <reporter-output>
          </reporter-output>
        </test-method> <!-- closeDriver -->
      </class> <!-- com.mindtree.runner.HealthCareApplication -->
    </test> <!-- Test -->
  </suite> <!-- Suite -->
</testng-results>
