<?xml version="1.0" encoding="UTF-8"?>
<testng-results total="3" passed="3" failed="0" skipped="0">
  <reporter-output>
  </reporter-output>
  <suite started-at="2021-11-06T05:09:49Z" name="Suite" finished-at="2021-11-06T05:10:42Z" duration-ms="52792">
    <groups>
    </groups>
    <test started-at="2021-11-06T05:09:49Z" name="Test" finished-at="2021-11-06T05:10:42Z" duration-ms="52792">
      <class name="com.mindtree.runner.HealthCareApplication">
        <test-method is-config="true" signature="getBrowser()[pri:0, instance:com.mindtree.runner.HealthCareApplication@2ce6c6ec]" started-at="2021-11-06T10:39:49Z" name="getBrowser" finished-at="2021-11-06T10:39:55Z" duration-ms="6164" status="PASS">
          <reporter-output>
          </reporter-output>
        </test-method> <!-- getBrowser -->
        <test-method signature="bookingAppointment()[pri:0, instance:com.mindtree.runner.HealthCareApplication@2ce6c6ec]" started-at="2021-11-06T10:39:55Z" name="bookingAppointment" finished-at="2021-11-06T10:40:19Z" duration-ms="23857" status="PASS">
          <reporter-output>
          </reporter-output>
        </test-method> <!-- bookingAppointment -->
        <test-method is-config="true" signature="closeDriver()[pri:0, instance:com.mindtree.runner.HealthCareApplication@2ce6c6ec]" started-at="2021-11-06T10:40:19Z" name="closeDriver" finished-at="2021-11-06T10:40:19Z" duration-ms="76" status="PASS">
          <reporter-output>
          </reporter-output>
        </test-method> <!-- closeDriver -->
        <test-method is-config="true" signature="getBrowser()[pri:0, instance:com.mindtree.runner.HealthCareApplication@2ce6c6ec]" started-at="2021-11-06T10:40:19Z" name="getBrowser" finished-at="2021-11-06T10:40:23Z" duration-ms="4109" status="PASS">
          <reporter-output>
          </reporter-output>
        </test-method> <!-- getBrowser -->
        <test-method signature="contactUs()[pri:0, instance:com.mindtree.runner.HealthCareApplication@2ce6c6ec]" started-at="2021-11-06T10:40:23Z" name="contactUs" finished-at="2021-11-06T10:40:29Z" duration-ms="6069" status="PASS">
          <reporter-output>
          </reporter-output>
        </test-method> <!-- contactUs -->
        <test-method is-config="true" signature="closeDriver()[pri:0, instance:com.mindtree.runner.HealthCareApplication@2ce6c6ec]" started-at="2021-11-06T10:40:29Z" name="closeDriver" finished-at="2021-11-06T10:40:29Z" duration-ms="53" status="PASS">
          <reporter-output>
          </reporter-output>
        </test-method> <!-- closeDriver -->
        <test-method is-config="true" signature="getBrowser()[pri:0, instance:com.mindtree.runner.HealthCareApplication@2ce6c6ec]" started-at="2021-11-06T10:40:29Z" name="getBrowser" finished-at="2021-11-06T10:40:34Z" duration-ms="4504" status="PASS">
          <reporter-output>
          </reporter-output>
        </test-method> <!-- getBrowser -->
        <test-method signature="validateTitle()[pri:0, instance:com.mindtree.runner.HealthCareApplication@2ce6c6ec]" started-at="2021-11-06T10:40:34Z" name="validateTitle" finished-at="2021-11-06T10:40:38Z" duration-ms="3799" status="PASS">
          <reporter-output>
          </reporter-output>
        </test-method> <!-- validateTitle -->
        <test-method is-config="true" signature="closeDriver()[pri:0, instance:com.mindtree.runner.HealthCareApplication@2ce6c6ec]" started-at="2021-11-06T10:40:38Z" name="closeDriver" finished-at="2021-11-06T10:40:42Z" duration-ms="4152" status="PASS">
          <reporter-output>
          </reporter-output>
        </test-method> <!-- closeDriver -->
      </class> <!-- com.mindtree.runner.HealthCareApplication -->
    </test> <!-- Test -->
  </suite> <!-- Suite -->
</testng-results>
