<?xml version="1.0" encoding="UTF-8"?>
<!-- Generated by org.testng.reporters.JUnitXMLReporter -->
<testsuite hostname="LAPTOP-LIAKTO4M" failures="0" tests="3" name="Test" time="47.035" errors="0" timestamp="6 Nov 2021 04:55:57 GMT">
  <testcase classname="com.mindtree.runner.HealthCareApplication" name="bookingAppointment" time="24.531"/>
  <testcase classname="com.mindtree.runner.HealthCareApplication" name="contactUs" time="5.15"/>
  <testcase classname="com.mindtree.runner.HealthCareApplication" name="validateTitle" time="1.948"/>
</testsuite> <!-- Test -->
