<?xml version="1.0" encoding="UTF-8"?>
<!-- Generated by org.testng.reporters.JUnitXMLReporter -->
<testsuite hostname="LAPTOP-LIAKTO4M" failures="0" tests="3" name="Test" time="52.792" errors="0" timestamp="6 Nov 2021 05:10:42 GMT">
  <testcase classname="com.mindtree.runner.HealthCareApplication" name="bookingAppointment" time="23.857"/>
  <testcase classname="com.mindtree.runner.HealthCareApplication" name="contactUs" time="6.069"/>
  <testcase classname="com.mindtree.runner.HealthCareApplication" name="validateTitle" time="3.799"/>
</testsuite> <!-- Test -->
